Determining size of bool failed with the following output:
Change Dir: /home/kumquat/dynamorio/build/CMakeFiles/CMakeTmp

Run Build Command:"/usr/bin/make" "cmTC_65daf/fast"
/usr/bin/make -f CMakeFiles/cmTC_65daf.dir/build.make CMakeFiles/cmTC_65daf.dir/build
make[1]: Entering directory '/home/kumquat/dynamorio/build/CMakeFiles/CMakeTmp'
Building C object CMakeFiles/cmTC_65daf.dir/DR_DO_NOT_DEFINE_bool.c.o
/usr/bin/cc    -o CMakeFiles/cmTC_65daf.dir/DR_DO_NOT_DEFINE_bool.c.o   -c /home/kumquat/dynamorio/build/CMakeFiles/CheckTypeSize/DR_DO_NOT_DEFINE_bool.c
/home/kumquat/dynamorio/build/CMakeFiles/CheckTypeSize/DR_DO_NOT_DEFINE_bool.c:17:22: error: ‘bool’ undeclared here (not in a function)
 #define SIZE (sizeof(bool))
                      ^
/home/kumquat/dynamorio/build/CMakeFiles/CheckTypeSize/DR_DO_NOT_DEFINE_bool.c:19:12: note: in expansion of macro ‘SIZE’
   ('0' + ((SIZE / 10000)%10)),
            ^
CMakeFiles/cmTC_65daf.dir/build.make:65: recipe for target 'CMakeFiles/cmTC_65daf.dir/DR_DO_NOT_DEFINE_bool.c.o' failed
make[1]: *** [CMakeFiles/cmTC_65daf.dir/DR_DO_NOT_DEFINE_bool.c.o] Error 1
make[1]: Leaving directory '/home/kumquat/dynamorio/build/CMakeFiles/CMakeTmp'
Makefile:126: recipe for target 'cmTC_65daf/fast' failed
make: *** [cmTC_65daf/fast] Error 2

/home/kumquat/dynamorio/build/CMakeFiles/CheckTypeSize/DR_DO_NOT_DEFINE_bool.c:
#include <sys/types.h>
#include <stdint.h>
#include <stddef.h>


#undef KEY
#if defined(__i386)
# define KEY '_','_','i','3','8','6'
#elif defined(__x86_64)
# define KEY '_','_','x','8','6','_','6','4'
#elif defined(__ppc__)
# define KEY '_','_','p','p','c','_','_'
#elif defined(__ppc64__)
# define KEY '_','_','p','p','c','6','4','_','_'
#endif

#define SIZE (sizeof(bool))
char info_size[] =  {'I', 'N', 'F', 'O', ':', 's','i','z','e','[',
  ('0' + ((SIZE / 10000)%10)),
  ('0' + ((SIZE / 1000)%10)),
  ('0' + ((SIZE / 100)%10)),
  ('0' + ((SIZE / 10)%10)),
  ('0' +  (SIZE    % 10)),
  ']',
#ifdef KEY
  ' ','k','e','y','[', KEY, ']',
#endif
  '\0'};

#ifdef __CLASSIC_C__
int main(argc, argv) int argc; char *argv[];
#else
int main(int argc, char *argv[])
#endif
{
  int require = 0;
  require += info_size[argc];
  (void)argv;
  return require;
}


Determining size of byte failed with the following output:
Change Dir: /home/kumquat/dynamorio/build/CMakeFiles/CMakeTmp

Run Build Command:"/usr/bin/make" "cmTC_bd75c/fast"
/usr/bin/make -f CMakeFiles/cmTC_bd75c.dir/build.make CMakeFiles/cmTC_bd75c.dir/build
make[1]: Entering directory '/home/kumquat/dynamorio/build/CMakeFiles/CMakeTmp'
Building C object CMakeFiles/cmTC_bd75c.dir/DR_DO_NOT_DEFINE_byte.c.o
/usr/bin/cc    -o CMakeFiles/cmTC_bd75c.dir/DR_DO_NOT_DEFINE_byte.c.o   -c /home/kumquat/dynamorio/build/CMakeFiles/CheckTypeSize/DR_DO_NOT_DEFINE_byte.c
/home/kumquat/dynamorio/build/CMakeFiles/CheckTypeSize/DR_DO_NOT_DEFINE_byte.c:17:22: error: ‘byte’ undeclared here (not in a function)
 #define SIZE (sizeof(byte))
                      ^
/home/kumquat/dynamorio/build/CMakeFiles/CheckTypeSize/DR_DO_NOT_DEFINE_byte.c:19:12: note: in expansion of macro ‘SIZE’
   ('0' + ((SIZE / 10000)%10)),
            ^
CMakeFiles/cmTC_bd75c.dir/build.make:65: recipe for target 'CMakeFiles/cmTC_bd75c.dir/DR_DO_NOT_DEFINE_byte.c.o' failed
make[1]: *** [CMakeFiles/cmTC_bd75c.dir/DR_DO_NOT_DEFINE_byte.c.o] Error 1
make[1]: Leaving directory '/home/kumquat/dynamorio/build/CMakeFiles/CMakeTmp'
Makefile:126: recipe for target 'cmTC_bd75c/fast' failed
make: *** [cmTC_bd75c/fast] Error 2

/home/kumquat/dynamorio/build/CMakeFiles/CheckTypeSize/DR_DO_NOT_DEFINE_byte.c:
#include <sys/types.h>
#include <stdint.h>
#include <stddef.h>


#undef KEY
#if defined(__i386)
# define KEY '_','_','i','3','8','6'
#elif defined(__x86_64)
# define KEY '_','_','x','8','6','_','6','4'
#elif defined(__ppc__)
# define KEY '_','_','p','p','c','_','_'
#elif defined(__ppc64__)
# define KEY '_','_','p','p','c','6','4','_','_'
#endif

#define SIZE (sizeof(byte))
char info_size[] =  {'I', 'N', 'F', 'O', ':', 's','i','z','e','[',
  ('0' + ((SIZE / 10000)%10)),
  ('0' + ((SIZE / 1000)%10)),
  ('0' + ((SIZE / 100)%10)),
  ('0' + ((SIZE / 10)%10)),
  ('0' +  (SIZE    % 10)),
  ']',
#ifdef KEY
  ' ','k','e','y','[', KEY, ']',
#endif
  '\0'};

#ifdef __CLASSIC_C__
int main(argc, argv) int argc; char *argv[];
#else
int main(int argc, char *argv[])
#endif
{
  int require = 0;
  require += info_size[argc];
  (void)argv;
  return require;
}


Determining size of sbyte failed with the following output:
Change Dir: /home/kumquat/dynamorio/build/CMakeFiles/CMakeTmp

Run Build Command:"/usr/bin/make" "cmTC_a13b1/fast"
/usr/bin/make -f CMakeFiles/cmTC_a13b1.dir/build.make CMakeFiles/cmTC_a13b1.dir/build
make[1]: Entering directory '/home/kumquat/dynamorio/build/CMakeFiles/CMakeTmp'
Building C object CMakeFiles/cmTC_a13b1.dir/DR_DO_NOT_DEFINE_sbyte.c.o
/usr/bin/cc    -o CMakeFiles/cmTC_a13b1.dir/DR_DO_NOT_DEFINE_sbyte.c.o   -c /home/kumquat/dynamorio/build/CMakeFiles/CheckTypeSize/DR_DO_NOT_DEFINE_sbyte.c
/home/kumquat/dynamorio/build/CMakeFiles/CheckTypeSize/DR_DO_NOT_DEFINE_sbyte.c:17:22: error: ‘sbyte’ undeclared here (not in a function)
 #define SIZE (sizeof(sbyte))
                      ^
/home/kumquat/dynamorio/build/CMakeFiles/CheckTypeSize/DR_DO_NOT_DEFINE_sbyte.c:19:12: note: in expansion of macro ‘SIZE’
   ('0' + ((SIZE / 10000)%10)),
            ^
CMakeFiles/cmTC_a13b1.dir/build.make:65: recipe for target 'CMakeFiles/cmTC_a13b1.dir/DR_DO_NOT_DEFINE_sbyte.c.o' failed
make[1]: *** [CMakeFiles/cmTC_a13b1.dir/DR_DO_NOT_DEFINE_sbyte.c.o] Error 1
make[1]: Leaving directory '/home/kumquat/dynamorio/build/CMakeFiles/CMakeTmp'
Makefile:126: recipe for target 'cmTC_a13b1/fast' failed
make: *** [cmTC_a13b1/fast] Error 2

/home/kumquat/dynamorio/build/CMakeFiles/CheckTypeSize/DR_DO_NOT_DEFINE_sbyte.c:
#include <sys/types.h>
#include <stdint.h>
#include <stddef.h>


#undef KEY
#if defined(__i386)
# define KEY '_','_','i','3','8','6'
#elif defined(__x86_64)
# define KEY '_','_','x','8','6','_','6','4'
#elif defined(__ppc__)
# define KEY '_','_','p','p','c','_','_'
#elif defined(__ppc64__)
# define KEY '_','_','p','p','c','6','4','_','_'
#endif

#define SIZE (sizeof(sbyte))
char info_size[] =  {'I', 'N', 'F', 'O', ':', 's','i','z','e','[',
  ('0' + ((SIZE / 10000)%10)),
  ('0' + ((SIZE / 1000)%10)),
  ('0' + ((SIZE / 100)%10)),
  ('0' + ((SIZE / 10)%10)),
  ('0' +  (SIZE    % 10)),
  ']',
#ifdef KEY
  ' ','k','e','y','[', KEY, ']',
#endif
  '\0'};

#ifdef __CLASSIC_C__
int main(argc, argv) int argc; char *argv[];
#else
int main(int argc, char *argv[])
#endif
{
  int require = 0;
  require += info_size[argc];
  (void)argv;
  return require;
}


Determining size of uint32 failed with the following output:
Change Dir: /home/kumquat/dynamorio/build/CMakeFiles/CMakeTmp

Run Build Command:"/usr/bin/make" "cmTC_8b42e/fast"
/usr/bin/make -f CMakeFiles/cmTC_8b42e.dir/build.make CMakeFiles/cmTC_8b42e.dir/build
make[1]: Entering directory '/home/kumquat/dynamorio/build/CMakeFiles/CMakeTmp'
Building C object CMakeFiles/cmTC_8b42e.dir/DR_DO_NOT_DEFINE_uint32.c.o
/usr/bin/cc    -o CMakeFiles/cmTC_8b42e.dir/DR_DO_NOT_DEFINE_uint32.c.o   -c /home/kumquat/dynamorio/build/CMakeFiles/CheckTypeSize/DR_DO_NOT_DEFINE_uint32.c
/home/kumquat/dynamorio/build/CMakeFiles/CheckTypeSize/DR_DO_NOT_DEFINE_uint32.c:17:22: error: ‘uint32’ undeclared here (not in a function)
 #define SIZE (sizeof(uint32))
                      ^
/home/kumquat/dynamorio/build/CMakeFiles/CheckTypeSize/DR_DO_NOT_DEFINE_uint32.c:19:12: note: in expansion of macro ‘SIZE’
   ('0' + ((SIZE / 10000)%10)),
            ^
CMakeFiles/cmTC_8b42e.dir/build.make:65: recipe for target 'CMakeFiles/cmTC_8b42e.dir/DR_DO_NOT_DEFINE_uint32.c.o' failed
make[1]: *** [CMakeFiles/cmTC_8b42e.dir/DR_DO_NOT_DEFINE_uint32.c.o] Error 1
make[1]: Leaving directory '/home/kumquat/dynamorio/build/CMakeFiles/CMakeTmp'
Makefile:126: recipe for target 'cmTC_8b42e/fast' failed
make: *** [cmTC_8b42e/fast] Error 2

/home/kumquat/dynamorio/build/CMakeFiles/CheckTypeSize/DR_DO_NOT_DEFINE_uint32.c:
#include <sys/types.h>
#include <stdint.h>
#include <stddef.h>


#undef KEY
#if defined(__i386)
# define KEY '_','_','i','3','8','6'
#elif defined(__x86_64)
# define KEY '_','_','x','8','6','_','6','4'
#elif defined(__ppc__)
# define KEY '_','_','p','p','c','_','_'
#elif defined(__ppc64__)
# define KEY '_','_','p','p','c','6','4','_','_'
#endif

#define SIZE (sizeof(uint32))
char info_size[] =  {'I', 'N', 'F', 'O', ':', 's','i','z','e','[',
  ('0' + ((SIZE / 10000)%10)),
  ('0' + ((SIZE / 1000)%10)),
  ('0' + ((SIZE / 100)%10)),
  ('0' + ((SIZE / 10)%10)),
  ('0' +  (SIZE    % 10)),
  ']',
#ifdef KEY
  ' ','k','e','y','[', KEY, ']',
#endif
  '\0'};

#ifdef __CLASSIC_C__
int main(argc, argv) int argc; char *argv[];
#else
int main(int argc, char *argv[])
#endif
{
  int require = 0;
  require += info_size[argc];
  (void)argv;
  return require;
}


Determining size of uint64 failed with the following output:
Change Dir: /home/kumquat/dynamorio/build/CMakeFiles/CMakeTmp

Run Build Command:"/usr/bin/make" "cmTC_b0b0a/fast"
/usr/bin/make -f CMakeFiles/cmTC_b0b0a.dir/build.make CMakeFiles/cmTC_b0b0a.dir/build
make[1]: Entering directory '/home/kumquat/dynamorio/build/CMakeFiles/CMakeTmp'
Building C object CMakeFiles/cmTC_b0b0a.dir/DR_DO_NOT_DEFINE_uint64.c.o
/usr/bin/cc    -o CMakeFiles/cmTC_b0b0a.dir/DR_DO_NOT_DEFINE_uint64.c.o   -c /home/kumquat/dynamorio/build/CMakeFiles/CheckTypeSize/DR_DO_NOT_DEFINE_uint64.c
/home/kumquat/dynamorio/build/CMakeFiles/CheckTypeSize/DR_DO_NOT_DEFINE_uint64.c:17:22: error: ‘uint64’ undeclared here (not in a function)
 #define SIZE (sizeof(uint64))
                      ^
/home/kumquat/dynamorio/build/CMakeFiles/CheckTypeSize/DR_DO_NOT_DEFINE_uint64.c:19:12: note: in expansion of macro ‘SIZE’
   ('0' + ((SIZE / 10000)%10)),
            ^
CMakeFiles/cmTC_b0b0a.dir/build.make:65: recipe for target 'CMakeFiles/cmTC_b0b0a.dir/DR_DO_NOT_DEFINE_uint64.c.o' failed
make[1]: *** [CMakeFiles/cmTC_b0b0a.dir/DR_DO_NOT_DEFINE_uint64.c.o] Error 1
make[1]: Leaving directory '/home/kumquat/dynamorio/build/CMakeFiles/CMakeTmp'
Makefile:126: recipe for target 'cmTC_b0b0a/fast' failed
make: *** [cmTC_b0b0a/fast] Error 2

/home/kumquat/dynamorio/build/CMakeFiles/CheckTypeSize/DR_DO_NOT_DEFINE_uint64.c:
#include <sys/types.h>
#include <stdint.h>
#include <stddef.h>


#undef KEY
#if defined(__i386)
# define KEY '_','_','i','3','8','6'
#elif defined(__x86_64)
# define KEY '_','_','x','8','6','_','6','4'
#elif defined(__ppc__)
# define KEY '_','_','p','p','c','_','_'
#elif defined(__ppc64__)
# define KEY '_','_','p','p','c','6','4','_','_'
#endif

#define SIZE (sizeof(uint64))
char info_size[] =  {'I', 'N', 'F', 'O', ':', 's','i','z','e','[',
  ('0' + ((SIZE / 10000)%10)),
  ('0' + ((SIZE / 1000)%10)),
  ('0' + ((SIZE / 100)%10)),
  ('0' + ((SIZE / 10)%10)),
  ('0' +  (SIZE    % 10)),
  ']',
#ifdef KEY
  ' ','k','e','y','[', KEY, ']',
#endif
  '\0'};

#ifdef __CLASSIC_C__
int main(argc, argv) int argc; char *argv[];
#else
int main(int argc, char *argv[])
#endif
{
  int require = 0;
  require += info_size[argc];
  (void)argv;
  return require;
}


Determining size of int32 failed with the following output:
Change Dir: /home/kumquat/dynamorio/build/CMakeFiles/CMakeTmp

Run Build Command:"/usr/bin/make" "cmTC_7fb93/fast"
/usr/bin/make -f CMakeFiles/cmTC_7fb93.dir/build.make CMakeFiles/cmTC_7fb93.dir/build
make[1]: Entering directory '/home/kumquat/dynamorio/build/CMakeFiles/CMakeTmp'
Building C object CMakeFiles/cmTC_7fb93.dir/DR_DO_NOT_DEFINE_int32.c.o
/usr/bin/cc    -o CMakeFiles/cmTC_7fb93.dir/DR_DO_NOT_DEFINE_int32.c.o   -c /home/kumquat/dynamorio/build/CMakeFiles/CheckTypeSize/DR_DO_NOT_DEFINE_int32.c
/home/kumquat/dynamorio/build/CMakeFiles/CheckTypeSize/DR_DO_NOT_DEFINE_int32.c:17:22: error: ‘int32’ undeclared here (not in a function)
 #define SIZE (sizeof(int32))
                      ^
/home/kumquat/dynamorio/build/CMakeFiles/CheckTypeSize/DR_DO_NOT_DEFINE_int32.c:19:12: note: in expansion of macro ‘SIZE’
   ('0' + ((SIZE / 10000)%10)),
            ^
CMakeFiles/cmTC_7fb93.dir/build.make:65: recipe for target 'CMakeFiles/cmTC_7fb93.dir/DR_DO_NOT_DEFINE_int32.c.o' failed
make[1]: *** [CMakeFiles/cmTC_7fb93.dir/DR_DO_NOT_DEFINE_int32.c.o] Error 1
make[1]: Leaving directory '/home/kumquat/dynamorio/build/CMakeFiles/CMakeTmp'
Makefile:126: recipe for target 'cmTC_7fb93/fast' failed
make: *** [cmTC_7fb93/fast] Error 2

/home/kumquat/dynamorio/build/CMakeFiles/CheckTypeSize/DR_DO_NOT_DEFINE_int32.c:
#include <sys/types.h>
#include <stdint.h>
#include <stddef.h>


#undef KEY
#if defined(__i386)
# define KEY '_','_','i','3','8','6'
#elif defined(__x86_64)
# define KEY '_','_','x','8','6','_','6','4'
#elif defined(__ppc__)
# define KEY '_','_','p','p','c','_','_'
#elif defined(__ppc64__)
# define KEY '_','_','p','p','c','6','4','_','_'
#endif

#define SIZE (sizeof(int32))
char info_size[] =  {'I', 'N', 'F', 'O', ':', 's','i','z','e','[',
  ('0' + ((SIZE / 10000)%10)),
  ('0' + ((SIZE / 1000)%10)),
  ('0' + ((SIZE / 100)%10)),
  ('0' + ((SIZE / 10)%10)),
  ('0' +  (SIZE    % 10)),
  ']',
#ifdef KEY
  ' ','k','e','y','[', KEY, ']',
#endif
  '\0'};

#ifdef __CLASSIC_C__
int main(argc, argv) int argc; char *argv[];
#else
int main(int argc, char *argv[])
#endif
{
  int require = 0;
  require += info_size[argc];
  (void)argv;
  return require;
}


Determining size of int64 failed with the following output:
Change Dir: /home/kumquat/dynamorio/build/CMakeFiles/CMakeTmp

Run Build Command:"/usr/bin/make" "cmTC_be893/fast"
/usr/bin/make -f CMakeFiles/cmTC_be893.dir/build.make CMakeFiles/cmTC_be893.dir/build
make[1]: Entering directory '/home/kumquat/dynamorio/build/CMakeFiles/CMakeTmp'
Building C object CMakeFiles/cmTC_be893.dir/DR_DO_NOT_DEFINE_int64.c.o
/usr/bin/cc    -o CMakeFiles/cmTC_be893.dir/DR_DO_NOT_DEFINE_int64.c.o   -c /home/kumquat/dynamorio/build/CMakeFiles/CheckTypeSize/DR_DO_NOT_DEFINE_int64.c
/home/kumquat/dynamorio/build/CMakeFiles/CheckTypeSize/DR_DO_NOT_DEFINE_int64.c:17:22: error: ‘int64’ undeclared here (not in a function)
 #define SIZE (sizeof(int64))
                      ^
/home/kumquat/dynamorio/build/CMakeFiles/CheckTypeSize/DR_DO_NOT_DEFINE_int64.c:19:12: note: in expansion of macro ‘SIZE’
   ('0' + ((SIZE / 10000)%10)),
            ^
CMakeFiles/cmTC_be893.dir/build.make:65: recipe for target 'CMakeFiles/cmTC_be893.dir/DR_DO_NOT_DEFINE_int64.c.o' failed
make[1]: *** [CMakeFiles/cmTC_be893.dir/DR_DO_NOT_DEFINE_int64.c.o] Error 1
make[1]: Leaving directory '/home/kumquat/dynamorio/build/CMakeFiles/CMakeTmp'
Makefile:126: recipe for target 'cmTC_be893/fast' failed
make: *** [cmTC_be893/fast] Error 2

/home/kumquat/dynamorio/build/CMakeFiles/CheckTypeSize/DR_DO_NOT_DEFINE_int64.c:
#include <sys/types.h>
#include <stdint.h>
#include <stddef.h>


#undef KEY
#if defined(__i386)
# define KEY '_','_','i','3','8','6'
#elif defined(__x86_64)
# define KEY '_','_','x','8','6','_','6','4'
#elif defined(__ppc__)
# define KEY '_','_','p','p','c','_','_'
#elif defined(__ppc64__)
# define KEY '_','_','p','p','c','6','4','_','_'
#endif

#define SIZE (sizeof(int64))
char info_size[] =  {'I', 'N', 'F', 'O', ':', 's','i','z','e','[',
  ('0' + ((SIZE / 10000)%10)),
  ('0' + ((SIZE / 1000)%10)),
  ('0' + ((SIZE / 100)%10)),
  ('0' + ((SIZE / 10)%10)),
  ('0' +  (SIZE    % 10)),
  ']',
#ifdef KEY
  ' ','k','e','y','[', KEY, ']',
#endif
  '\0'};

#ifdef __CLASSIC_C__
int main(argc, argv) int argc; char *argv[];
#else
int main(int argc, char *argv[])
#endif
{
  int require = 0;
  require += info_size[argc];
  (void)argv;
  return require;
}


Performing C SOURCE FILE Test stringop_truncation_avail failed with the following output:
Change Dir: /home/kumquat/dynamorio/build/CMakeFiles/CMakeTmp

Run Build Command:"/usr/bin/make" "cmTC_9d9c5/fast"
/usr/bin/make -f CMakeFiles/cmTC_9d9c5.dir/build.make CMakeFiles/cmTC_9d9c5.dir/build
make[1]: Entering directory '/home/kumquat/dynamorio/build/CMakeFiles/CMakeTmp'
Building C object CMakeFiles/cmTC_9d9c5.dir/src.c.o
/usr/bin/cc   -Dstringop_truncation_avail   -Wstringop-truncation -o CMakeFiles/cmTC_9d9c5.dir/src.c.o   -c /home/kumquat/dynamorio/build/CMakeFiles/CMakeTmp/src.c
cc: error: unrecognized command line option '-Wstringop-truncation'
CMakeFiles/cmTC_9d9c5.dir/build.make:65: recipe for target 'CMakeFiles/cmTC_9d9c5.dir/src.c.o' failed
make[1]: *** [CMakeFiles/cmTC_9d9c5.dir/src.c.o] Error 1
make[1]: Leaving directory '/home/kumquat/dynamorio/build/CMakeFiles/CMakeTmp'
Makefile:126: recipe for target 'cmTC_9d9c5/fast' failed
make: *** [cmTC_9d9c5/fast] Error 2

Source file was:
int main(void) { return 0; }
Performing C SOURCE FILE Test format_truncation_avail failed with the following output:
Change Dir: /home/kumquat/dynamorio/build/CMakeFiles/CMakeTmp

Run Build Command:"/usr/bin/make" "cmTC_117b8/fast"
/usr/bin/make -f CMakeFiles/cmTC_117b8.dir/build.make CMakeFiles/cmTC_117b8.dir/build
make[1]: Entering directory '/home/kumquat/dynamorio/build/CMakeFiles/CMakeTmp'
Building C object CMakeFiles/cmTC_117b8.dir/src.c.o
/usr/bin/cc   -Dformat_truncation_avail   -Wformat-truncation -o CMakeFiles/cmTC_117b8.dir/src.c.o   -c /home/kumquat/dynamorio/build/CMakeFiles/CMakeTmp/src.c
cc: error: unrecognized command line option '-Wformat-truncation'
CMakeFiles/cmTC_117b8.dir/build.make:65: recipe for target 'CMakeFiles/cmTC_117b8.dir/src.c.o' failed
make[1]: *** [CMakeFiles/cmTC_117b8.dir/src.c.o] Error 1
make[1]: Leaving directory '/home/kumquat/dynamorio/build/CMakeFiles/CMakeTmp'
Makefile:126: recipe for target 'cmTC_117b8/fast' failed
make: *** [cmTC_117b8/fast] Error 2

Source file was:
int main(void) { return 0; }
Performing C SOURCE FILE Test stringop_overflow_avail failed with the following output:
Change Dir: /home/kumquat/dynamorio/build/CMakeFiles/CMakeTmp

Run Build Command:"/usr/bin/make" "cmTC_256b6/fast"
/usr/bin/make -f CMakeFiles/cmTC_256b6.dir/build.make CMakeFiles/cmTC_256b6.dir/build
make[1]: Entering directory '/home/kumquat/dynamorio/build/CMakeFiles/CMakeTmp'
Building C object CMakeFiles/cmTC_256b6.dir/src.c.o
/usr/bin/cc   -Dstringop_overflow_avail   -Wstringop-overflow -o CMakeFiles/cmTC_256b6.dir/src.c.o   -c /home/kumquat/dynamorio/build/CMakeFiles/CMakeTmp/src.c
cc: error: unrecognized command line option '-Wstringop-overflow'
CMakeFiles/cmTC_256b6.dir/build.make:65: recipe for target 'CMakeFiles/cmTC_256b6.dir/src.c.o' failed
make[1]: *** [CMakeFiles/cmTC_256b6.dir/src.c.o] Error 1
make[1]: Leaving directory '/home/kumquat/dynamorio/build/CMakeFiles/CMakeTmp'
Makefile:126: recipe for target 'cmTC_256b6/fast' failed
make: *** [cmTC_256b6/fast] Error 2

Source file was:
int main(void) { return 0; }
Determining if the include file linux/rseq.h exists failed with the following output:
Change Dir: /home/kumquat/dynamorio/build/CMakeFiles/CMakeTmp

Run Build Command:"/usr/bin/make" "cmTC_ab912/fast"
/usr/bin/make -f CMakeFiles/cmTC_ab912.dir/build.make CMakeFiles/cmTC_ab912.dir/build
make[1]: Entering directory '/home/kumquat/dynamorio/build/CMakeFiles/CMakeTmp'
Building C object CMakeFiles/cmTC_ab912.dir/CheckIncludeFile.c.o
/usr/bin/cc   -m64  -fno-strict-aliasing -fno-stack-protector -fvisibility=internal  -std=gnu99 -fno-unwind-tables -O3 -g3 -Wall -Werror -Wwrite-strings -Wno-unused-but-set-variable    -o CMakeFiles/cmTC_ab912.dir/CheckIncludeFile.c.o   -c /home/kumquat/dynamorio/build/CMakeFiles/CMakeTmp/CheckIncludeFile.c
/home/kumquat/dynamorio/build/CMakeFiles/CMakeTmp/CheckIncludeFile.c:1:24: fatal error: linux/rseq.h: No such file or directory
compilation terminated.
CMakeFiles/cmTC_ab912.dir/build.make:65: recipe for target 'CMakeFiles/cmTC_ab912.dir/CheckIncludeFile.c.o' failed
make[1]: *** [CMakeFiles/cmTC_ab912.dir/CheckIncludeFile.c.o] Error 1
make[1]: Leaving directory '/home/kumquat/dynamorio/build/CMakeFiles/CMakeTmp'
Makefile:126: recipe for target 'cmTC_ab912/fast' failed
make: *** [cmTC_ab912/fast] Error 2


Performing C SOURCE FILE Test implicit_fallthrough_avail failed with the following output:
Change Dir: /home/kumquat/dynamorio/build/CMakeFiles/CMakeTmp

Run Build Command:"/usr/bin/make" "cmTC_851a1/fast"
/usr/bin/make -f CMakeFiles/cmTC_851a1.dir/build.make CMakeFiles/cmTC_851a1.dir/build
make[1]: Entering directory '/home/kumquat/dynamorio/build/CMakeFiles/CMakeTmp'
Building C object CMakeFiles/cmTC_851a1.dir/src.c.o
/usr/bin/cc   -Dimplicit_fallthrough_avail   -Wimplicit-fallthrough -o CMakeFiles/cmTC_851a1.dir/src.c.o   -c /home/kumquat/dynamorio/build/CMakeFiles/CMakeTmp/src.c
cc: error: unrecognized command line option '-Wimplicit-fallthrough'
CMakeFiles/cmTC_851a1.dir/build.make:65: recipe for target 'CMakeFiles/cmTC_851a1.dir/src.c.o' failed
make[1]: *** [CMakeFiles/cmTC_851a1.dir/src.c.o] Error 1
make[1]: Leaving directory '/home/kumquat/dynamorio/build/CMakeFiles/CMakeTmp'
Makefile:126: recipe for target 'cmTC_851a1/fast' failed
make: *** [cmTC_851a1/fast] Error 2

Source file was:
int main(void) { return 0; }
